1593190549393	mozrunner::runner	INFO	Running command: "C:\\Program Files\\Firefox Developer Edition\\firefox.exe" "-marionette" "-foreground" "-no-remote" "-profile" "C:\\Users\\1\\AppData\\Local\\Temp\\rust_mozprofileiCkp2A"
JavaScript error: resource://gre/modules/XULStore.jsm, line 66: Error: Can't find profile directory.
1593190551413	Marionette	INFO	Listening on port 62690
1593190551514	Marionette	WARN	TLS certificate errors will be ignored for this session
1593190579856	mozrunner::runner	INFO	Running command: "C:\\Program Files\\Firefox Developer Edition\\firefox.exe" "-marionette" "-foreground" "-no-remote" "-profile" "C:\\Users\\1\\AppData\\Local\\Temp\\rust_mozprofileyblzP6"
JavaScript error: resource://gre/modules/XULStore.jsm, line 66: Error: Can't find profile directory.
1593190581875	Marionette	INFO	Listening on port 62796
1593190581975	Marionette	WARN	TLS certificate errors will be ignored for this session
1593226736869	mozrunner::runner	INFO	Running command: "C:\\Program Files\\Firefox Developer Edition\\firefox.exe" "-marionette" "-foreground" "-no-remote" "-profile" "C:\\Users\\1\\AppData\\Local\\Temp\\rust_mozprofile4Kf1OZ"
JavaScript error: resource://gre/modules/XULStore.jsm, line 66: Error: Can't find profile directory.
1593226739417	Marionette	INFO	Listening on port 51196
1593226739522	Marionette	WARN	TLS certificate errors will be ignored for this session
1593226762986	Marionette	INFO	Stopped listening on port 51196

###!!! [Child][RunMessage] Error: Channel closing: too late to send/recv, messages will be lost


###!!! [Child][MessageChannel::SendAndWait] Error: Channel error: cannot send/recv

://gre/modules/XULStore.jsm, line 66: Error: Can't find profile directory.
1593226748609	Marionette	INFO	Listening on port 51264
1593226748674	Marionette	WARN	TLS certificate errors will be ignored for this session
1593226760477	Marionette	INFO	Stopped listening on port 51264

###!!! [Child][RunMessage] Error: Channel closing: too late to send/recv, messages will be lost


###!!! [Child][MessageChannel::SendAndWait] Error: Channel error: cannot send/recv

1593226776374	mozrunner::runner	INFO	Running command: "C:\\Program Files\\Firefox Developer Edition\\firefox.exe" "-marionette" "-foreground" "-no-remote" "-profile" "C:\\Users\\1\\AppData\\Local\\Temp\\rust_mozprofilec46piM"
JavaScript error: resource://gre/modules/XULStore.jsm, line 66: Error: Can't find profile directory.
1593226778366	Marionette	INFO	Listening on port 51363
1593226778392	Marionette	WARN	TLS certificate errors will be ignored for this session
JavaScript error: http://www.sse.com.cn/home/public/inspect.html, line 11: SecurityError: Permission denied to access property "inspectMgr" on cross-origin object
1593226814585	Marionette	INFO	Stopped listening on port 51363

###!!! [Child][MessageChannel::SendAndWait] Error: Channel error: cannot send/recv

te" "-profile" "C:\\Users\\1\\AppData\\Local\\Temp\\rust_mozprofile75h8l1"
JavaScript error: resource://gre/modules/XULStore.jsm, line 66: Error: Can't find profile directory.
1593226794754	Marionette	INFO	Listening on port 51442
1593226794866	Marionette	WARN	TLS certificate errors will be ignored for this session
1593226800394	Marionette	INFO	Stopped listening on port 51442

###!!! [Child][RunMessage] Error: Channel closing: too late to send/recv, messages will be lost


###!!! [Child][MessageChannel::SendAndWait] Error: Channel error: cannot send/recv

1593227148012	mozrunner::runner	INFO	Running command: "C:\\Program Files\\Firefox Developer Edition\\firefox.exe" "-marionette" "-foreground" "-no-remote" "-profile" "C:\\Users\\1\\AppData\\Local\\Temp\\rust_mozprofileEZmVsm"
JavaScript error: resource://gre/modules/XULStore.jsm, line 66: Error: Can't find profile directory.
1593227149902	Marionette	INFO	Listening on port 52162
1593227150032	Marionette	WARN	TLS certificate errors will be ignored for this session
JavaScript error: http://www.sse.com.cn/home/public/inspect.html, line 11: SecurityError: Permission denied to access property "inspectMgr" on cross-origin object
JavaScript error: resource://gre/modules/psm/RemoteSecuritySettings.jsm, line 817: NS_ERROR_ILLEGAL_VALUE: Component returned failure code: 0x80070057 (NS_ERROR_ILLEGAL_VALUE) [nsIXPCComponents_Utils.reportError]
console.log: *** PurgeTrackerService:: "Purging trackers enabled, beginning batch."
console.log: *** PurgeTrackerService:: "All cookie purging finished, resetting list until tomorrow."
1593231653540	Marionette	INFO	Stopped listening on port 52162

###!!! [Child][RunMessage] Error: Channel closing: too late to send/recv, messages will be lost


###!!! [Child][MessageChannel::SendAndWait] Error: Channel error: cannot send/recv

ssageChannel::SendAndWait] Error: Channel error: cannot send/recv

1593227280355	mozrunner::runner	INFO	Running command: "C:\\Program Files\\Firefox Developer Edition\\firefox.exe" "-marionette" "-foreground" "-no-remote" "-profile" "C:\\Users\\1\\AppData\\Local\\Temp\\rust_mozprofileCwzOSg"
JavaScript error: resource://gre/modules/XULStore.jsm, line 66: Error: Can't find profile directory.
1593227282326	Marionette	INFO	Listening on port 52463
1593227282378	Marionette	WARN	TLS certificate errors will be ignored for this session
JavaScript error: http://www.sse.com.cn/home/public/inspect.html, line 11: SecurityError: Permission denied to access property "inspectMgr" on cross-origin object
JavaScript error: resource://gre/modules/psm/RemoteSecuritySettings.jsm, line 817: NS_ERROR_ILLEGAL_VALUE: Component returned failure code: 0x80070057 (NS_ERROR_ILLEGAL_VALUE) [nsIXPCComponents_Utils.reportError]
console.log: *** PurgeTrackerService:: "Purging trackers enabled, beginning batch."
console.log: *** PurgeTrackerService:: "All cookie purging finished, resetting list until tomorrow."
1593231653322	Marionette	INFO	Stopped listening on port 52463

###!!! [Child][RunMessage] Error: Channel closing: too late to send/recv, messages will be lost


###!!! [Child][MessageChannel::SendAndWait] Error: Channel error: cannot send/recv

ssageChannel::SendAndWait] Error: Channel error: cannot send/recv

1593227639929	mozrunner::runner	INFO	Running command: "C:\\Program Files\\Firefox Developer Edition\\firefox.exe" "-marionette" "-foreground" "-no-remote" "-profile" "C:\\Users\\1\\AppData\\Local\\Temp\\rust_mozprofilevECqCa"
JavaScript error: resource://gre/modules/XULStore.jsm, line 66: Error: Can't find profile directory.
1593227641960	Marionette	INFO	Listening on port 53142
1593227642050	Marionette	WARN	TLS certificate errors will be ignored for this session
JavaScript error: http://www.sse.com.cn/home/public/inspect.html, line 11: SecurityError: Permission denied to access property "inspectMgr" on cross-origin object
1593227689849	Marionette	INFO	Stopped listening on port 53142

###!!! [Child][RunMessage] Error: Channel closing: too late to send/recv, messages will be lost


###!!! [Child][MessageChannel::SendAndWait] Error: Channel error: cannot send/recv

://gre/modules/XULStore.jsm, line 66: Error: Can't find profile directory.
1593227659745	Marionette	INFO	Listening on port 53240
1593227659846	Marionette	WARN	TLS certificate errors will be ignored for this session
1593227662352	Marionette	INFO	Stopped listening on port 53240

###!!! [Child][RunMessage] Error: Channel closing: too late to send/recv, messages will be lost


###!!! [Child][MessageChannel::SendAndWait] Error: Channel error: cannot send/recv

1593227750304	mozrunner::runner	INFO	Running command: "C:\\Program Files\\Firefox Developer Edition\\firefox.exe" "-marionette" "-foreground" "-no-remote" "-profile" "C:\\Users\\1\\AppData\\Local\\Temp\\rust_mozprofileIxDZp1"
JavaScript error: resource://gre/modules/XULStore.jsm, line 66: Error: Can't find profile directory.
1593227752190	Marionette	INFO	Listening on port 53433
1593227752322	Marionette	WARN	TLS certificate errors will be ignored for this session
JavaScript error: http://www.sse.com.cn/home/public/inspect.html, line 11: SecurityError: Permission denied to access property "inspectMgr" on cross-origin object
console.log: *** PurgeTrackerService:: "Purging trackers enabled, beginning batch."
console.log: *** PurgeTrackerService:: "All cookie purging finished, resetting list until tomorrow."
JavaScript error: resource://gre/modules/psm/RemoteSecuritySettings.jsm, line 817: NS_ERROR_ILLEGAL_VALUE: Component returned failure code: 0x80070057 (NS_ERROR_ILLEGAL_VALUE) [nsIXPCComponents_Utils.reportError]
1593231657660	Marionette	INFO	Stopped listening on port 53433

###!!! [Child][RunMessage] Error: Channel closing: too late to send/recv, messages will be lost


###!!! [Child][MessageChannel::SendAndWait] Error: Channel error: cannot send/recv

ssageChannel::SendAndWait] Error: Channel error: cannot send/recv

1593231405539	mozrunner::runner	INFO	Running command: "C:\\Program Files\\Firefox Developer Edition\\firefox.exe" "-marionette" "-foreground" "-no-remote" "-profile" "C:\\Users\\1\\AppData\\Local\\Temp\\rust_mozprofilelljAim"
JavaScript error: resource://gre/modules/XULStore.jsm, line 66: Error: Can't find profile directory.
1593231407532	Marionette	INFO	Listening on port 58615
1593231407558	Marionette	WARN	TLS certificate errors will be ignored for this session
JavaScript error: http://www.sse.com.cn/home/public/inspect.html, line 11: SecurityError: Permission denied to access property "inspectMgr" on cross-origin object
1593231657707	Marionette	INFO	Stopped listening on port 58615

###!!! [Child][RunMessage] Error: Channel closing: too late to send/recv, messages will be lost


###!!! [Child][MessageChannel::SendAndWait] Error: Channel error: cannot send/recv

://gre/modules/XULStore.jsm, line 66: Error: Can't find profile directory.
1593231429285	Marionette	INFO	Listening on port 58718
1593231429383	Marionette	WARN	TLS certificate errors will be ignored for this session
1593231657674	Marionette	INFO	Stopped listening on port 58718

###!!! [Child][RunMessage] Error: Channel closing: too late to send/recv, messages will be lost


###!!! [Child][MessageChannel::SendAndWait] Error: Channel error: cannot send/recv

://gre/modules/XULStore.jsm, line 66: Error: Can't find profile directory.
1593231560947	Marionette	INFO	Listening on port 58955
1593231560966	Marionette	WARN	TLS certificate errors will be ignored for this session
1593231657697	Marionette	INFO	Stopped listening on port 58955

###!!! [Child][MessageChannel::SendAndWait] Error: Channel error: cannot send/recv

te" "-profile" "C:\\Users\\1\\AppData\\Local\\Temp\\rust_mozprofileFHe3Wv"
JavaScript error: resource://gre/modules/XULStore.jsm, line 66: Error: Can't find profile directory.
1593231572152	Marionette	INFO	Listening on port 59024
1593231572178	Marionette	WARN	TLS certificate errors will be ignored for this session
1593231657682	Marionette	INFO	Stopped listening on port 59024

###!!! [Child][RunMessage] Error: Channel closing: too late to send/recv, messages will be lost


###!!! [Child][MessageChannel::SendAndWait] Error: Channel error: cannot send/recv

://gre/modules/XULStore.jsm, line 66: Error: Can't find profile directory.
1593231651077	Marionette	INFO	Listening on port 59186
1593231651573	Marionette	WARN	TLS certificate errors will be ignored for this session
1593231653893	Marionette	INFO	Stopped listening on port 59186

###!!! [Child][RunMessage] Error: Channel closing: too late to send/recv, messages will be lost


###!!! [Child][MessageChannel::SendAndWait] Error: Channel error: cannot send/recv

1593231658866	mozrunner::runner	INFO	Running command: "C:\\Program Files\\Firefox Developer Edition\\firefox.exe" "-marionette" "-foreground" "-no-remote" "-profile" "C:\\Users\\1\\AppData\\Local\\Temp\\rust_mozprofileuVY9bH"
JavaScript error: resource://gre/modules/XULStore.jsm, line 66: Error: Can't find profile directory.
1593231660783	Marionette	INFO	Listening on port 59261
1593231660885	Marionette	WARN	TLS certificate errors will be ignored for this session
1593231670000	mozrunner::runner	INFO	Running command: "C:\\Program Files\\Firefox Developer Edition\\firefox.exe" "-marionette" "-foreground" "-no-remote" "-profile" "C:\\Users\\1\\AppData\\Local\\Temp\\rust_mozprofileI1CstM"
JavaScript error: resource://gre/modules/XULStore.jsm, line 66: Error: Can't find profile directory.
1593231672011	Marionette	INFO	Listening on port 59311
1593231672042	Marionette	WARN	TLS certificate errors will be ignored for this session
console.log: *** PurgeTrackerService:: "Purging trackers enabled, beginning batch."
console.log: *** PurgeTrackerService:: "All cookie purging finished, resetting list until tomorrow."
1593232132972	Marionette	INFO	Stopped listening on port 59311

###!!! [Child][RunMessage] Error: Channel closing: too late to send/recv, messages will be lost


###!!! [Child][MessageChannel::SendAndWait] Error: Channel error: cannot send/recv

l be ignored for this session
1593231701281	Marionette	INFO	Stopped listening on port 59429

###!!! [Child][RunMessage] Error: Channel closing: too late to send/recv, messages will be lost


###!!! [Child][MessageChannel::SendAndWait] Error: Channel error: cannot send/recv

1593231963198	mozrunner::runner	INFO	Running command: "C:\\Program Files\\Firefox Developer Edition\\firefox.exe" "-marionette" "-foreground" "-no-remote" "-profile" "C:\\Users\\1\\AppData\\Local\\Temp\\rust_mozprofileOiXW3t"
JavaScript error: resource://gre/modules/XULStore.jsm, line 66: Error: Can't find profile directory.
1593231965170	Marionette	INFO	Listening on port 59868
1593231965217	Marionette	WARN	TLS certificate errors will be ignored for this session
1593232129853	Marionette	INFO	Stopped listening on port 59868

###!!! [Child][RunMessage] Error: Channel closing: too late to send/recv, messages will be lost


###!!! [Child][MessageChannel::SendAndWait] Error: Channel error: cannot send/recv

://gre/modules/XULStore.jsm, line 66: Error: Can't find profile directory.
1593231976148	Marionette	INFO	Listening on port 59935
1593231976293	Marionette	WARN	TLS certificate errors will be ignored for this session
1593232129453	Marionette	INFO	Stopped listening on port 59935

###!!! [Child][RunMessage] Error: Channel closing: too late to send/recv, messages will be lost


###!!! [Child][MessageChannel::SendAndWait] Error: Channel error: cannot send/recv

1593232160732	mozrunner::runner	INFO	Running command: "C:\\Program Files\\Firefox Developer Edition\\firefox.exe" "-marionette" "-foreground" "-no-remote" "-profile" "C:\\Users\\1\\AppData\\Local\\Temp\\rust_mozprofileQeGoWG"
JavaScript error: resource://gre/modules/XULStore.jsm, line 66: Error: Can't find profile directory.
1593232162812	Marionette	INFO	Listening on port 60345
1593232162853	Marionette	WARN	TLS certificate errors will be ignored for this session
1593232191221	Marionette	INFO	Stopped listening on port 60345

###!!! [Child][RunMessage] Error: Channel closing: too late to send/recv, messages will be lost


###!!! [Child][MessageChannel::SendAndWait] Error: Channel error: cannot send/recv

://gre/modules/XULStore.jsm, line 66: Error: Can't find profile directory.
1593232183149	Marionette	INFO	Listening on port 60432
1593232183259	Marionette	WARN	TLS certificate errors will be ignored for this session
1593232186859	Marionette	INFO	Stopped listening on port 60432

###!!! [Child][RunMessage] Error: Channel closing: too late to send/recv, messages will be lost


###!!! [Child][MessageChannel::SendAndWait] Error: Channel error: cannot send/recv

1593232265905	mozrunner::runner	INFO	Running command: "C:\\Program Files\\Firefox Developer Edition\\firefox.exe" "-marionette" "-foreground" "-no-remote" "-profile" "C:\\Users\\1\\AppData\\Local\\Temp\\rust_mozprofileP1hGSr"
JavaScript error: resource://gre/modules/XULStore.jsm, line 66: Error: Can't find profile directory.
1593232267949	Marionette	INFO	Listening on port 60689
1593232268025	Marionette	WARN	TLS certificate errors will be ignored for this session
1593232349811	mozrunner::runner	INFO	Running command: "C:\\Program Files\\Firefox Developer Edition\\firefox.exe" "-marionette" "-foreground" "-no-remote" "-profile" "C:\\Users\\1\\AppData\\Local\\Temp\\rust_mozprofilevsxsmM"
JavaScript error: resource://gre/modules/XULStore.jsm, line 66: Error: Can't find profile directory.
1593232351735	Marionette	INFO	Listening on port 60871
1593232351832	Marionette	WARN	TLS certificate errors will be ignored for this session
console.log: *** PurgeTrackerService:: "Purging trackers enabled, beginning batch."
console.log: *** PurgeTrackerService:: "All cookie purging finished, resetting list until tomorrow."
JavaScript error: resource://gre/modules/psm/RemoteSecuritySettings.jsm, line 817: NS_ERROR_ILLEGAL_VALUE: Component returned failure code: 0x80070057 (NS_ERROR_ILLEGAL_VALUE) [nsIXPCComponents_Utils.reportError]
1593277200631	Marionette	INFO	Stopped listening on port 60871

###!!! [Child][RunMessage] Error: Channel closing: too late to send/recv, messages will be lost


###!!! [Child][MessageChannel::SendAndWait] Error: Channel error: cannot send/recv

."
JavaScript error: resource://gre/modules/psm/RemoteSecuritySettings.jsm, line 817: NS_ERROR_ILLEGAL_VALUE: Component returned failure code: 0x80070057 (NS_ERROR_ILLEGAL_VALUE) [nsIXPCComponents_Utils.reportError]
JavaScript error: resource://gre/modules/URIFixup.jsm, line 203: NS_ERROR_FAILURE: Should pass a non-null uri
1593277200613	Marionette	INFO	Stopped listening on port 60939

###!!! [Child][RunMessage] Error: Channel closing: too late to send/recv, messages will be lost


###!!! [Child][MessageChannel::SendAndWait] Error: Channel error: cannot send/recv

Component returned failure code: 0x80070057 (NS_ERROR_ILLEGAL_VALUE) [nsIXPCComponents_Utils.reportError]
console.log: *** PurgeTrackerService:: "Purging trackers enabled, beginning batch."
console.log: *** PurgeTrackerService:: "All cookie purging finished, resetting list until tomorrow."
1593277198334	Marionette	INFO	Stopped listening on port 61581

###!!! [Child][RunMessage] Error: Channel closing: too late to send/recv, messages will be lost


###!!! [Child][MessageChannel::SendAndWait] Error: Channel error: cannot send/recv

E: Component returned failure code: 0x80070057 (NS_ERROR_ILLEGAL_VALUE) [nsIXPCComponents_Utils.reportError]
console.log: *** PurgeTrackerService:: "Purging trackers enabled, beginning batch."
console.log: *** PurgeTrackerService:: "All cookie purging finished, resetting list until tomorrow."
JavaScript error: resource://gre/modules/URIFixup.jsm, line 203: NS_ERROR_FAILURE: Should pass a non-null uri
1593277197786	Marionette	INFO	Stopped listening on port 61647

###!!! [Child][RunMessage] Error: Channel closing: too late to send/recv, messages will be lost


###!!! [Child][MessageChannel::SendAndWait] Error: Channel error: cannot send/recv

RunMessage] Error: Channel closing: too late to send/recv, messages will be lost


###!!! [Child][MessageChannel::SendAndWait] Error: Channel error: cannot send/recv

1593237465659	mozrunner::runner	INFO	Running command: "C:\\Program Files\\Firefox Developer Edition\\firefox.exe" "-marionette" "-foreground" "-no-remote" "-profile" "C:\\Users\\1\\AppData\\Local\\Temp\\rust_mozprofileYFfZ0r"
JavaScript error: resource://gre/modules/XULStore.jsm, line 66: Error: Can't find profile directory.
1593237467784	Marionette	INFO	Listening on port 52551
1593237468288	Marionette	WARN	TLS certificate errors will be ignored for this session
console.log: *** PurgeTrackerService:: "Purging trackers enabled, beginning batch."
console.log: *** PurgeTrackerService:: "All cookie purging finished, resetting list until tomorrow."
1593237911681	Marionette	INFO	Stopped listening on port 52551

###!!! [Child][RunMessage] Error: Channel closing: too late to send/recv, messages will be lost


###!!! [Child][MessageChannel::SendAndWait] Error: Channel error: cannot send/recv

l be ignored for this session
console.log: *** PurgeTrackerService:: "Purging trackers enabled, beginning batch."
console.log: *** PurgeTrackerService:: "All cookie purging finished, resetting list until tomorrow."
1593237910409	Marionette	INFO	Stopped listening on port 52720

###!!! [Child][RunMessage] Error: Channel closing: too late to send/recv, messages will be lost


###!!! [Child][MessageChannel::SendAndWait] Error: Channel error: cannot send/recv

1593238959859	mozrunner::runner	INFO	Running command: "C:\\Program Files\\Firefox Developer Edition\\firefox.exe" "-marionette" "-foreground" "-no-remote" "-profile" "C:\\Users\\1\\AppData\\Local\\Temp\\rust_mozprofile5gyeik"
JavaScript error: resource://gre/modules/XULStore.jsm, line 66: Error: Can't find profile directory.
1593238962036	Marionette	INFO	Listening on port 54845
1593238962482	Marionette	WARN	TLS certificate errors will be ignored for this session
JavaScript error: resource://gre/modules/psm/RemoteSecuritySettings.jsm, line 817: NS_ERROR_ILLEGAL_VALUE: Component returned failure code: 0x80070057 (NS_ERROR_ILLEGAL_VALUE) [nsIXPCComponents_Utils.reportError]
console.log: *** PurgeTrackerService:: "Purging trackers enabled, beginning batch."
console.log: *** PurgeTrackerService:: "All cookie purging finished, resetting list until tomorrow."
1593277197233	Marionette	INFO	Stopped listening on port 54845

###!!! [Child][RunMessage] Error: Channel closing: too late to send/recv, messages will be lost


###!!! [Child][MessageChannel::SendAndWait] Error: Channel error: cannot send/recv

://gre/modules/XULStore.jsm, line 66: Error: Can't find profile directory.
1593268460860	Marionette	INFO	Listening on port 63064
1593268461095	Marionette	WARN	TLS certificate errors will be ignored for this session
console.log: *** PurgeTrackerService:: "Purging trackers enabled, beginning batch."
console.log: *** PurgeTrackerService:: "All cookie purging finished, resetting list until tomorrow."
1593277196962	Marionette	INFO	Stopped listening on port 63064

###!!! [Child][RunMessage] Error: Channel closing: too late to send/recv, messages will be lost


###!!! [Child][MessageChannel::SendAndWait] Error: Channel error: cannot send/recv

l be ignored for this session
1593268642118	Marionette	INFO	Stopped listening on port 63291

###!!! [Child][RunMessage] Error: Channel closing: too late to send/recv, messages will be lost


###!!! [Child][MessageChannel::SendAndWait] Error: Channel error: cannot send/recv

://gre/modules/XULStore.jsm, line 66: Error: Can't find profile directory.
1593268609126	Marionette	INFO	Listening on port 63391
1593268609188	Marionette	WARN	TLS certificate errors will be ignored for this session
1593268641060	Marionette	INFO	Stopped listening on port 63391

###!!! [Child][RunMessage] Error: Channel closing: too late to send/recv, messages will be lost


###!!! [Child][MessageChannel::SendAndWait] Error: Channel error: cannot send/recv

1593268737497	mozrunner::runner	INFO	Running command: "C:\\Program Files\\Firefox Developer Edition\\firefox.exe" "-marionette" "-foreground" "-no-remote" "-profile" "C:\\Users\\1\\AppData\\Local\\Temp\\rust_mozprofileSL0YCI"
JavaScript error: resource://gre/modules/XULStore.jsm, line 66: Error: Can't find profile directory.
1593268739530	Marionette	INFO	Listening on port 63628
1593268739618	Marionette	WARN	TLS certificate errors will be ignored for this session
console.log: *** PurgeTrackerService:: "Purging trackers enabled, beginning batch."
console.log: *** PurgeTrackerService:: "All cookie purging finished, resetting list until tomorrow."
console.error: services.settings: 
DOMException
  - prototype DOMException
    - ABORT_ERR = 20
    - DATA_CLONE_ERR = 25
    - DOMSTRING_SIZE_ERR = 2
    - HIERARCHY_REQUEST_ERR = 3
    - INDEX_SIZE_ERR = 1
    - INUSE_ATTRIBUTE_ERR = 10
    - INVALID_ACCESS_ERR = 15
    - INVALID_CHARACTER_ERR = 5
    - INVALID_MODIFICATION_ERR = 13
    - INVALID_NODE_TYPE_ERR = 24
    - INVALID_STATE_ERR = 11
    - NAMESPACE_ERR = 14
    - NETWORK_ERR = 19
    - NOT_FOUND_ERR = 8
    - NOT_SUPPORTED_ERR = 9
    - NO_DATA_ALLOWED_ERR = 6
    - NO_MODIFICATION_ALLOWED_ERR = 7
    - QUOTA_EXCEEDED_ERR = 22
    - SECURITY_ERR = 18
    - SYNTAX_ERR = 12
    - TIMEOUT_ERR = 23
    - TYPE_MISMATCH_ERR = 17
    - URL_MISMATCH_ERR = 21
    - VALIDATION_ERR = 16
    - WRONG_DOCUMENT_ERR = 4
    - code = 20
    - columnNumber = 0
    - data = null
    - filename = 
    - lineNumber = 0
    - location = null
    - message = The operation was aborted. 
    - name = AbortError
    - result = 2152923156
    - stack = 
  - prototype Error
  - prototype Object
1593277196669	Marionette	INFO	Stopped listening on port 63628

###!!! [Child][RunMessage] Error: Channel closing: too late to send/recv, messages will be lost


###!!! [Child][MessageChannel::SendAndWait] Error: Channel error: cannot send/recv

0057 (NS_ERROR_ILLEGAL_VALUE) [nsIXPCComponents_Utils.reportError]
1593277196302	Marionette	INFO	Stopped listening on port 64455

###!!! [Child][RunMessage] Error: Channel closing: too late to send/recv, messages will be lost


###!!! [Child][MessageChannel::SendAndWait] Error: Channel error: cannot send/recv

on
1593269947986	Marionette	INFO	Stopped listening on port 49258

###!!! [Child][RunMessage] Error: Channel closing: too late to send/recv, messages will be lost


###!!! [Child][MessageChannel::SendAndWait] Error: Channel error: cannot send/recv

1593276066938	mozrunner::runner	INFO	Running command: "C:\\Program Files\\Firefox Developer Edition\\firefox.exe" "-marionette" "-foreground" "-no-remote" "-profile" "C:\\Users\\1\\AppData\\Local\\Temp\\rust_mozprofilekcfH4I"
JavaScript error: resource://gre/modules/XULStore.jsm, line 66: Error: Can't find profile directory.
1593276069127	Marionette	INFO	Listening on port 58487
1593276069574	Marionette	WARN	TLS certificate errors will be ignored for this session
JavaScript error: resource://gre/modules/psm/RemoteSecuritySettings.jsm, line 817: NS_ERROR_ILLEGAL_VALUE: Component returned failure code: 0x80070057 (NS_ERROR_ILLEGAL_VALUE) [nsIXPCComponents_Utils.reportError]
1593277194813	Marionette	INFO	Stopped listening on port 58487

###!!! [Child][RunMessage] Error: Channel closing: too late to send/recv, messages will be lost


###!!! [Child][MessageChannel::SendAndWait] Error: Channel error: cannot send/recv

on
console.warn: services.settings: main/fxmonitor-breaches sync already running
1593277193496	Marionette	INFO	Stopped listening on port 59314

###!!! [Child][RunMessage] Error: Channel closing: too late to send/recv, messages will be lost


###!!! [Child][MessageChannel::SendAndWait] Error: Channel error: cannot send/recv

3276602104	Marionette	INFO	Listening on port 59483
1593276602536	Marionette	WARN	TLS certificate errors will be ignored for this session
console.error: services.settings: 
  Message: TypeError: NetworkError when attempting to fetch resource.
console.warn: services.settings: blocklists/gfx sync interrupted by shutdown
1593277192060	Marionette	INFO	Stopped listening on port 59483

###!!! [Child][RunMessage] Error: Channel closing: too late to send/recv, messages will be lost


###!!! [Child][MessageChannel::SendAndWait] Error: Channel error: cannot send/recv

1593277289773	mozrunner::runner	INFO	Running command: "C:\\Program Files\\Firefox Developer Edition\\firefox.exe" "-marionette" "-foreground" "-no-remote" "-profile" "C:\\Users\\1\\AppData\\Local\\Temp\\rust_mozprofilekqayhG"
JavaScript error: resource://gre/modules/XULStore.jsm, line 66: Error: Can't find profile directory.
1593277291825	Marionette	INFO	Listening on port 61114
1593277291901	Marionette	WARN	TLS certificate errors will be ignored for this session
1593313638515	mozrunner::runner	INFO	Running command: "C:\\Program Files\\Firefox Developer Edition\\firefox.exe" "-marionette" "-foreground" "-no-remote" "-profile" "C:\\Users\\1\\AppData\\Local\\Temp\\rust_mozprofilehFHpsh"
JavaScript error: resource://gre/modules/XULStore.jsm, line 66: Error: Can't find profile directory.
1593313640902	Marionette	INFO	Listening on port 64711
1593313641167	Marionette	WARN	TLS certificate errors will be ignored for this session
1593313724227	Marionette	INFO	Stopped listening on port 64711

###!!! [Child][RunMessage] Error: Channel closing: too late to send/recv, messages will be lost


###!!! [Child][MessageChannel::SendAndWait] Error: Channel error: cannot send/recv

1593313765653	mozrunner::runner	INFO	Running command: "C:\\Program Files\\Firefox Developer Edition\\firefox.exe" "-marionette" "-foreground" "-no-remote" "-profile" "C:\\Users\\1\\AppData\\Local\\Temp\\rust_mozprofileKeLdjX"
JavaScript error: resource://gre/modules/XULStore.jsm, line 66: Error: Can't find profile directory.
1593313767651	Marionette	INFO	Listening on port 64930
1593313767672	Marionette	WARN	TLS certificate errors will be ignored for this session
1593313861180	Marionette	INFO	Stopped listening on port 64930

###!!! [Child][RunMessage] Error: Channel closing: too late to send/recv, messages will be lost


###!!! [Child][MessageChannel::SendAndWait] Error: Channel error: cannot send/recv

