1593183162723	mozrunner::runner	INFO	Running command: "C:\\Program Files\\Firefox Developer Edition\\firefox.exe" "-marionette" "-foreground" "-no-remote" "-profile" "C:\\Users\\1\\AppData\\Local\\Temp\\rust_mozprofile77zFaP"
1593183179184	mozrunner::runner	INFO	Running command: "C:\\Program Files\\Firefox Developer Edition\\firefox.exe" "-marionette" "-foreground" "-no-remote" "-profile" "C:\\Users\\1\\AppData\\Local\\Temp\\rust_mozprofilehOgVsB"
JavaScript error: resource://gre/modules/XULStore.jsm, line 66: Error: Can't find profile directory.
1593183181232	Marionette	INFO	Listening on port 63885
1593183181299	Marionette	WARN	TLS certificate errors will be ignored for this session
1593183190813	Marionette	INFO	Stopped listening on port 63885

###!!! [Child][RunMessage] Error: Channel closing: too late to send/recv, messages will be lost


###!!! [Child][MessageChannel::SendAndWait] Error: Channel error: cannot send/recv

1593183554422	mozrunner::runner	INFO	Running command: "C:\\Program Files\\Firefox Developer Edition\\firefox.exe" "-marionette" "-foreground" "-no-remote" "-profile" "C:\\Users\\1\\AppData\\Local\\Temp\\rust_mozprofilefG8DVn"
JavaScript error: resource://gre/modules/XULStore.jsm, line 66: Error: Can't find profile directory.
1593183556507	Marionette	INFO	Listening on port 64635
1593183556551	Marionette	WARN	TLS certificate errors will be ignored for this session
JavaScript error: resource://gre/modules/NetworkGeolocationProvider.jsm, line 555: TypeError: xhr.response.location is undefined
console.log: *** PurgeTrackerService:: "Purging trackers enabled, beginning batch."
console.log: *** PurgeTrackerService:: "All cookie purging finished, resetting list until tomorrow."
JavaScript error: resource://gre/modules/psm/RemoteSecuritySettings.jsm, line 817: NS_ERROR_ILLEGAL_VALUE: Component returned failure code: 0x80070057 (NS_ERROR_ILLEGAL_VALUE) [nsIXPCComponents_Utils.reportError]
1593188371715	Marionette	INFO	Stopped listening on port 64635

###!!! [Child][RunMessage] Error: Channel closing: too late to send/recv, messages will be lost


###!!! [Child][MessageChannel::SendAndWait] Error: Channel error: cannot send/recv

://gre/modules/XULStore.jsm, line 66: Error: Can't find profile directory.
1593184890898	Marionette	INFO	Listening on port 49779
1593184890920	Marionette	WARN	TLS certificate errors will be ignored for this session
1593185109643	Marionette	INFO	Stopped listening on port 49779

###!!! [Child][RunMessage] Error: Channel closing: too late to send/recv, messages will be lost


###!!! [Child][MessageChannel::SendAndWait] Error: Channel error: cannot send/recv

://gre/modules/XULStore.jsm, line 66: Error: Can't find profile directory.
1593185085615	Marionette	INFO	Listening on port 50073
1593185086083	Marionette	WARN	TLS certificate errors will be ignored for this session
1593188372452	Marionette	INFO	Stopped listening on port 50073

###!!! [Child][MessageChannel::SendAndWait] Error: Channel error: cannot send/recv

te" "-profile" "C:\\Users\\1\\AppData\\Local\\Temp\\rust_mozprofileLr5rIr"
JavaScript error: resource://gre/modules/XULStore.jsm, line 66: Error: Can't find profile directory.
1593185417780	Marionette	INFO	Listening on port 50742
1593185418226	Marionette	WARN	TLS certificate errors will be ignored for this session
1593185468153	Marionette	INFO	Stopped listening on port 50742

###!!! [Child][RunMessage] Error: Channel closing: too late to send/recv, messages will be lost


###!!! [Child][MessageChannel::SendAndWait] Error: Channel error: cannot send/recv

